[29/04/2025 14h26] Usuário: maria_zefiro, Nome: Maria Couto, Movimentação: Cadastrou novo ativo TESTE, Identificação: FON007 
[29/04/2025 14h27] Usuário: maria_zefiro, Nome: Maria Couto, Movimentação: Cadastrou novo ativo TESTE, Identificação: ADA002 
[29/04/2025 14h29] Usuário: maria_zefiro, Nome: Maria Couto, Movimentação: Cadastrou novo ativo TEST3, Identificação: CAB006 
[29/04/2025 14h30] Usuário: maria_zefiro, Nome: Maria Couto, Movimentação: Cadastrou novo ativo TEST3, Identificação: ADA003 
[29/04/2025 14h32] Usuário: maria_zefiro, Nome: Maria Couto, Movimentação: Cadastrou novo ativo TEST3TEST3, Identificação: ADA004 
[29/04/2025 14h33] Usuário: maria_zefiro, Nome: Maria Couto, Movimentação: Cadastrou novo ativo TEST3TEST4, Identificação: CAB005 
[29/04/2025 14h35] Usuário: maria_zefiro, Nome: Maria Couto, Movimentação: Cadastrou novo ativo TEST3TE3, Identificação: FON008 
[29/04/2025 14h35] Usuário: maria_zefiro, Nome: Maria Couto, Movimentação: Cadastrou novo ativo TESTST3, Identificação: FON009 
[29/04/2025 14h36] Usuário: maria_zefiro, Nome: Maria Couto, Movimentação: Cadastrou novo ativo TE3TEST3, Identificação: FON010 
[29/04/2025 14h38] Usuário: maria_zefiro, Nome: Maria Couto, Movimentação: Cadastrou novo ativo asfaasfas, Identificação: TEL007 
[06/05/2025 11h27] Usuário: maria_zefiro, Nome: Maria Couto, Movimentação: Cadastrou novo ativo Adaptador TESTE, Identificação: ADA002 
[06/05/2025 11h36] Usuário: maria_zefiro, Nome: Maria Couto, Movimentação: Cadastrou novo ativo Adaptador TESTE     , Identificação: ADA002 
[06/05/2025 11h48] Usuário: maria_zefiro, Nome: Maria Couto, Movimentação: Cadastrou novo ativo Adaptador TESTE , Identificação: ADA008 
[06/05/2025 11h54] Usuário: maria_zefiro, Nome: Maria Couto, Movimentação: Cadastrou novo ativo Adaptador TESTE , Identificação: ADA009 
[06/05/2025 11h55] Usuário: maria_zefiro, Nome: Maria Couto, Movimentação: Cadastrou novo ativo print(f"Tabela: {table_name}"), Identificação: ADA010 
[06/05/2025 11h58] Usuário: maria_zefiro, Nome: Maria Couto, Movimentação: Cadastrou novo ativo conexao_entrada, Identificação: ADA011 
[06/05/2025 11h59] Usuário: maria_zefiro, Nome: Maria Couto, Movimentação: Cadastrou novo ativo .replace("ç", "c"), Identificação: ADA012 
[06/05/2025 12h07] Usuário: maria_zefiro, Nome: Maria Couto, Movimentação: Cadastrou novo ativo ARAMAZENAMENTO, Identificação: ARM005 
[06/05/2025 12h11] Usuário: maria_zefiro, Nome: Maria Couto, Movimentação: Cadastrou novo ativo Cabos, Identificação: CAB006 
[06/05/2025 12h13] Usuário: maria_zefiro, Nome: Maria Couto, Movimentação: Cadastrou novo ativo Desktop, Identificação: DES006 
[06/05/2025 12h24] Usuário: maria_zefiro, Nome: Maria Couto, Movimentação: Cadastrou novo ativo Memoria RAM, Identificação: MEM006 
[06/05/2025 12h27] Usuário: maria_zefiro, Nome: Maria Couto, Movimentação: Cadastrou novo ativo Monitor, Identificação: MON006 
[06/05/2025 12h29] Usuário: maria_zefiro, Nome: Maria Couto, Movimentação: Cadastrou novo ativo AS, Identificação: MON007 
[06/05/2025 12h30] Usuário: maria_zefiro, Nome: Maria Couto, Movimentação: Cadastrou novo ativo dadada, Identificação: MON008 
[06/05/2025 13h44] Usuário: maria_zefiro, Nome: Maria Couto, Movimentação: Cadastrou novo ativo Notebook, Identificação: NOT006 
[06/05/2025 13h45] Usuário: maria_zefiro, Nome: Maria Couto, Movimentação: Cadastrou novo ativo Desktop, Identificação: DES007 
[06/05/2025 13h46] Usuário: maria_zefiro, Nome: Maria Couto, Movimentação: Cadastrou novo ativo notebok, Identificação: NOT007 
[06/05/2025 13h51] Usuário: maria_zefiro, Nome: Maria Couto, Movimentação: Cadastrou novo ativo NUC, Identificação: NUC006 
[06/05/2025 13h56] Usuário: maria_zefiro, Nome: Maria Couto, Movimentação: Cadastrou novo ativo Redes, Identificação: RED004 
[06/05/2025 13h59] Usuário: maria_zefiro, Nome: Maria Couto, Movimentação: Cadastrou novo ativo Telefonia, Identificação: TEL006 
[06/05/2025 14h21] Usuário: maria_zefiro, Nome: Maria Couto, Movimentação: Cadastrou novo ativo Fontes, Identificação: FON005 
[06/05/2025 14h27] Usuário: maria_zefiro, Nome: Maria Couto, Movimentação: Cadastrou novo ativo Fontes , Identificação: FON006 
[06/05/2025 14h33] Usuário: maria_zefiro, Nome: Maria Couto, Movimentação: Cadastrou novo ativo Fontes, Identificação: FON007 
[06/05/2025 16h23] Usuário: maria_zefiro, Nome: Maria Couto, Movimentação: Cadastrou novo ativo Test, Identificação: ARM005 
[06/05/2025 16h27] Usuário: maria_zefiro, Nome: Maria Couto, Movimentação: Cadastrou novo ativo teste, Identificação: ARM006 
